<?xml version="1.0" encoding="UTF-8"?>
<robot generator="Robot 7.2 (Python 3.13.1 on win32)" generated="2025-01-25T20:44:03.283655" rpa="false" schemaversion="5">
<suite id="s1" name="API GITHUB" source="C:\Users\sousa\OneDrive\Área de Trabalho\workspace\API_GITHUB">
<suite id="s1-s1" name="Suites" source="C:\Users\sousa\OneDrive\Área de Trabalho\workspace\API_GITHUB\suites">
<suite id="s1-s1-s1" name="Usuario" source="C:\Users\sousa\OneDrive\Área de Trabalho\workspace\API_GITHUB\suites\usuario.robot">
<test id="s1-s1-s1-t1" name="CT01- Iniciando Autenticação Básica" line="40">
<kw name="Iniciar Sessão" owner="github">
<kw name="Create Session" owner="RequestsLibrary">
<msg time="2025-01-25T20:44:03.682890" level="INFO">Creating Session using : alias=Mysession, url=https://api.github.com, headers={},                     cookies={}, auth=None, timeout=None, proxies=None, verify=False,                     debug=0 </msg>
<arg>Mysession</arg>
<arg>${HOST}</arg>
<doc>Create Session: create a HTTP session to a server</doc>
<status status="PASS" start="2025-01-25T20:44:03.682286" elapsed="0.000899"/>
</kw>
<kw name="Create Dictionary" owner="BuiltIn">
<msg time="2025-01-25T20:44:03.683742" level="INFO">${HEADERS} = {'Authorization': '"Bearer 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"'}</msg>
<var>${HEADERS}</var>
<arg>Authorization=${ACCESSTOKEN}</arg>
<doc>Creates and returns a dictionary based on the given ``items``.</doc>
<status status="PASS" start="2025-01-25T20:44:03.683362" elapsed="0.000489"/>
</kw>
<status status="PASS" start="2025-01-25T20:44:03.681512" elapsed="0.002450"/>
</kw>
<status status="PASS" start="2025-01-25T20:44:03.680080" elapsed="0.004522"/>
</test>
<test id="s1-s1-s1-t2" name="CT02 - Verificar dados do Usuario Válido" line="43">
<kw name="Informar dados do USuario Válido 5" source_name="Informar dados do USuario Válido ${ID_USUARIO}">
<kw name="GET" owner="RequestsLibrary">
<msg time="2025-01-25T20:44:04.109438" level="INFO">GET Request : url=https://api.github.com/user/5 
 path_url=/user/5 
 headers={'User-Agent': 'python-requests/2.32.3', 'Accept-Encoding': 'gzip, deflate', 'Accept': '*/*', 'Connection': 'keep-alive'} 
 body=None 
 </msg>
<msg time="2025-01-25T20:44:04.109806" level="INFO">GET Response : url=https://api.github.com/user/5 
 status=200, reason=OK 
 headers={'Date': 'Sat, 25 Jan 2025 23:43:47 GMT', 'Content-Type': 'application/json; charset=utf-8', 'Cache-Control': 'public, max-age=60, s-maxage=60', 'Vary': 'Accept,Accept-Encoding, Accept, X-Requested-With', 'ETag': 'W/"1185911d460fed4c007bc59639c83cbe3d8ae17e11cca5521b98f319fad9e79a"', 'Last-Modified': 'Wed, 22 Jan 2025 12:20:12 GMT', 'X-GitHub-Media-Type': 'github.v3; format=json', 'x-github-api-version-selected': '2022-11-28', 'Access-Control-Expose-Headers': 'ETag, Link, Location, Retry-After, X-GitHub-OTP, X-RateLimit-Limit, X-RateLimit-Remaining, X-RateLimit-Used, X-RateLimit-Resource, X-RateLimit-Reset, X-OAuth-Scopes, X-Accepted-OAuth-Scopes, X-Poll-Interval, X-GitHub-Media-Type, X-GitHub-SSO, X-GitHub-Request-Id, Deprecation, Sunset', 'Access-Control-Allow-Origin': '*', 'Strict-Transport-Security': 'max-age=31536000; includeSubdomains; preload', 'X-Frame-Options': 'deny', 'X-Content-Type-Options': 'nosniff', 'X-XSS-Protection': '0', 'Referrer-Policy': 'origin-when-cross-origin, strict-origin-when-cross-origin', 'Content-Security-Policy': "default-src 'none'", 'Content-Encoding': 'gzip', 'Server': 'github.com', 'Accept-Ranges': 'bytes', 'X-RateLimit-Limit': '60', 'X-RateLimit-Remaining': '29', 'X-RateLimit-Reset': '1737851597', 'X-RateLimit-Resource': 'core', 'X-RateLimit-Used': '31', 'Content-Length': '500', 'X-GitHub-Request-Id': '304C:2B30A1:2806DE9:2C4B6C1:67957744'} 
 body={"login":"ezmobius","id":5,"node_id":"MDQ6VXNlcjU=","avatar_url":"https://avatars.githubusercontent.com/u/5?v=4","gravatar_id":"","url":"https://api.github.com/users/ezmobius","html_url":"https://github.com/ezmobius","followers_url":"https://api.github.com/users/ezmobius/followers","following_url":"https://api.github.com/users/ezmobius/following{/other_user}","gists_url":"https://api.github.com/users/ezmobius/gists{/gist_id}","starred_url":"https://api.github.com/users/ezmobius/starred{/owner}{/repo}","subscriptions_url":"https://api.github.com/users/ezmobius/subscriptions","organizations_url":"https://api.github.com/users/ezmobius/orgs","repos_url":"https://api.github.com/users/ezmobius/repos","events_url":"https://api.github.com/users/ezmobius/events{/privacy}","received_events_url":"https://api.github.com/users/ezmobius/received_events","type":"User","user_view_type":"public","site_admin":false,"name":"Ezra Zygmuntowicz","company":"Stuffstr PBC","blog":"http://stuffstr.com","location":"In the NW","email":null,"hireable":null,"bio":null,"twitter_username":null,"public_repos":22,"public_gists":106,"followers":571,"following":13,"created_at":"2008-01-12T07:51:46Z","updated_at":"2025-01-22T12:20:12Z"} 
 </msg>
<msg time="2025-01-25T20:44:04.110107" level="INFO">${response} = &lt;Response [200]&gt;</msg>
<var>${response}</var>
<arg>url= ${HOST}/${ENDPOINT_USER}/${ID_USUARIO}</arg>
<arg>expected_status=200</arg>
<doc>Sends a GET request.</doc>
<status status="PASS" start="2025-01-25T20:44:03.687493" elapsed="0.423283"/>
</kw>
<return>
<value>${response}</value>
<status status="PASS" start="2025-01-25T20:44:04.111028" elapsed="0.000383"/>
</return>
<status status="PASS" start="2025-01-25T20:44:03.686673" elapsed="0.424997"/>
</kw>
<kw name="Validar id e tipo do usuario">
<kw name="Informar dados do USuario Válido ${ID_USUARIO}" source_name="Informar dados do USuario Válido ${ID_USUARIO}">
<kw name="GET" owner="RequestsLibrary">
<msg time="2025-01-25T20:44:04.544930" level="INFO">GET Request : url=https://api.github.com/user/5 
 path_url=/user/5 
 headers={'User-Agent': 'python-requests/2.32.3', 'Accept-Encoding': 'gzip, deflate', 'Accept': '*/*', 'Connection': 'keep-alive'} 
 body=None 
 </msg>
<msg time="2025-01-25T20:44:04.545491" level="INFO">GET Response : url=https://api.github.com/user/5 
 status=200, reason=OK 
 headers={'Date': 'Sat, 25 Jan 2025 23:44:04 GMT', 'Cache-Control': 'public, max-age=60, s-maxage=60', 'Vary': 'Accept,Accept-Encoding, Accept, X-Requested-With', 'ETag': '"1185911d460fed4c007bc59639c83cbe3d8ae17e11cca5521b98f319fad9e79a"', 'Last-Modified': 'Wed, 22 Jan 2025 12:20:12 GMT', 'x-github-api-version-selected': '2022-11-28', 'Access-Control-Expose-Headers': 'ETag, Link, Location, Retry-After, X-GitHub-OTP, X-RateLimit-Limit, X-RateLimit-Remaining, X-RateLimit-Used, X-RateLimit-Resource, X-RateLimit-Reset, X-OAuth-Scopes, X-Accepted-OAuth-Scopes, X-Poll-Interval, X-GitHub-Media-Type, X-GitHub-SSO, X-GitHub-Request-Id, Deprecation, Sunset', 'Access-Control-Allow-Origin': '*', 'Strict-Transport-Security': 'max-age=31536000; includeSubdomains; preload', 'X-Frame-Options': 'deny', 'X-Content-Type-Options': 'nosniff', 'X-XSS-Protection': '0', 'Referrer-Policy': 'origin-when-cross-origin, strict-origin-when-cross-origin', 'Content-Security-Policy': "default-src 'none'", 'Server': 'github.com', 'Content-Type': 'application/json; charset=utf-8', 'X-GitHub-Media-Type': 'github.v3; format=json', 'Content-Encoding': 'gzip', 'Accept-Ranges': 'bytes', 'X-RateLimit-Limit': '60', 'X-RateLimit-Remaining': '28', 'X-RateLimit-Reset': '1737851597', 'X-RateLimit-Resource': 'core', 'X-RateLimit-Used': '32', 'Content-Length': '500', 'X-GitHub-Request-Id': '31F1:386D1A:28AB351:2CEFBFD:67957744'} 
 body={"login":"ezmobius","id":5,"node_id":"MDQ6VXNlcjU=","avatar_url":"https://avatars.githubusercontent.com/u/5?v=4","gravatar_id":"","url":"https://api.github.com/users/ezmobius","html_url":"https://github.com/ezmobius","followers_url":"https://api.github.com/users/ezmobius/followers","following_url":"https://api.github.com/users/ezmobius/following{/other_user}","gists_url":"https://api.github.com/users/ezmobius/gists{/gist_id}","starred_url":"https://api.github.com/users/ezmobius/starred{/owner}{/repo}","subscriptions_url":"https://api.github.com/users/ezmobius/subscriptions","organizations_url":"https://api.github.com/users/ezmobius/orgs","repos_url":"https://api.github.com/users/ezmobius/repos","events_url":"https://api.github.com/users/ezmobius/events{/privacy}","received_events_url":"https://api.github.com/users/ezmobius/received_events","type":"User","user_view_type":"public","site_admin":false,"name":"Ezra Zygmuntowicz","company":"Stuffstr PBC","blog":"http://stuffstr.com","location":"In the NW","email":null,"hireable":null,"bio":null,"twitter_username":null,"public_repos":22,"public_gists":106,"followers":571,"following":13,"created_at":"2008-01-12T07:51:46Z","updated_at":"2025-01-22T12:20:12Z"} 
 </msg>
<msg time="2025-01-25T20:44:04.546305" level="INFO">${response} = &lt;Response [200]&gt;</msg>
<var>${response}</var>
<arg>url= ${HOST}/${ENDPOINT_USER}/${ID_USUARIO}</arg>
<arg>expected_status=200</arg>
<doc>Sends a GET request.</doc>
<status status="PASS" start="2025-01-25T20:44:04.113246" elapsed="0.433301"/>
</kw>
<return>
<value>${response}</value>
<status status="PASS" start="2025-01-25T20:44:04.546857" elapsed="0.000320"/>
</return>
<msg time="2025-01-25T20:44:04.547581" level="INFO">${response_keyword} = &lt;Response [200]&gt;</msg>
<var>${response_keyword}</var>
<status status="PASS" start="2025-01-25T20:44:04.112767" elapsed="0.435040"/>
</kw>
<kw name="Should Not Be Equal As Strings" owner="BuiltIn">
<arg>${response_keyword.json()["login"]}</arg>
<arg>"ezmobius"</arg>
<doc>Fails if objects are equal after converting them to strings.</doc>
<status status="PASS" start="2025-01-25T20:44:04.548145" elapsed="0.001521"/>
</kw>
<kw name="Should Not Be Equal As Strings" owner="BuiltIn">
<arg>${response_keyword.json()["type"]}</arg>
<arg>"User"</arg>
<doc>Fails if objects are equal after converting them to strings.</doc>
<status status="PASS" start="2025-01-25T20:44:04.550050" elapsed="0.001074"/>
</kw>
<kw name="Log" owner="BuiltIn">
<msg time="2025-01-25T20:44:04.554172" level="INFO">{'login': 'ezmobius', 'id': 5, 'node_id': 'MDQ6VXNlcjU=', 'avatar_url': 'https://avatars.githubusercontent.com/u/5?v=4', 'gravatar_id': '', 'url': 'https://api.github.com/users/ezmobius', 'html_url': 'https://github.com/ezmobius', 'followers_url': 'https://api.github.com/users/ezmobius/followers', 'following_url': 'https://api.github.com/users/ezmobius/following{/other_user}', 'gists_url': 'https://api.github.com/users/ezmobius/gists{/gist_id}', 'starred_url': 'https://api.github.com/users/ezmobius/starred{/owner}{/repo}', 'subscriptions_url': 'https://api.github.com/users/ezmobius/subscriptions', 'organizations_url': 'https://api.github.com/users/ezmobius/orgs', 'repos_url': 'https://api.github.com/users/ezmobius/repos', 'events_url': 'https://api.github.com/users/ezmobius/events{/privacy}', 'received_events_url': 'https://api.github.com/users/ezmobius/received_events', 'type': 'User', 'user_view_type': 'public', 'site_admin': False, 'name': 'Ezra Zygmuntowicz', 'company': 'Stuffstr PBC', 'blog': 'http://stuffstr.com', 'location': 'In the NW', 'email': None, 'hireable': None, 'bio': None, 'twitter_username': None, 'public_repos': 22, 'public_gists': 106, 'followers': 571, 'following': 13, 'created_at': '2008-01-12T07:51:46Z', 'updated_at': '2025-01-22T12:20:12Z'}</msg>
<arg>${response_keyword.json()}</arg>
<doc>Logs the given message with the given level.</doc>
<status status="PASS" start="2025-01-25T20:44:04.551705" elapsed="0.002888"/>
</kw>
<status status="PASS" start="2025-01-25T20:44:04.112144" elapsed="0.442657"/>
</kw>
<status status="PASS" start="2025-01-25T20:44:03.685648" elapsed="0.869681"/>
</test>
<test id="s1-s1-s1-t3" name="CT03 - Verificar dados do Usuario Inválido" line="49">
<kw name="Informar dados do USuario inVálido">
<kw name="GET" owner="RequestsLibrary">
<msg time="2025-01-25T20:44:04.968844" level="INFO">GET Request : url=https://api.github.com/user/1111111458881 
 path_url=/user/1111111458881 
 headers={'User-Agent': 'python-requests/2.32.3', 'Accept-Encoding': 'gzip, deflate', 'Accept': '*/*', 'Connection': 'keep-alive'} 
 body=None 
 </msg>
<msg time="2025-01-25T20:44:04.969469" level="INFO">GET Response : url=https://api.github.com/user/1111111458881 
 status=404, reason=Not Found 
 headers={'Date': 'Sat, 25 Jan 2025 23:43:48 GMT', 'Content-Type': 'application/json; charset=utf-8', 'X-GitHub-Media-Type': 'github.v3; format=json', 'x-github-api-version-selected': '2022-11-28', 'Access-Control-Expose-Headers': 'ETag, Link, Location, Retry-After, X-GitHub-OTP, X-RateLimit-Limit, X-RateLimit-Remaining, X-RateLimit-Used, X-RateLimit-Resource, X-RateLimit-Reset, X-OAuth-Scopes, X-Accepted-OAuth-Scopes, X-Poll-Interval, X-GitHub-Media-Type, X-GitHub-SSO, X-GitHub-Request-Id, Deprecation, Sunset', 'Access-Control-Allow-Origin': '*', 'Strict-Transport-Security': 'max-age=31536000; includeSubdomains; preload', 'X-Frame-Options': 'deny', 'X-Content-Type-Options': 'nosniff', 'X-XSS-Protection': '0', 'Referrer-Policy': 'origin-when-cross-origin, strict-origin-when-cross-origin', 'Content-Security-Policy': "default-src 'none'", 'Vary': 'Accept-Encoding, Accept, X-Requested-With', 'Content-Encoding': 'gzip', 'Server': 'github.com', 'X-RateLimit-Limit': '60', 'X-RateLimit-Remaining': '27', 'X-RateLimit-Reset': '1737851597', 'X-RateLimit-Resource': 'core', 'X-RateLimit-Used': '33', 'Content-Length': '101', 'X-GitHub-Request-Id': '304E:2455C1:27162AD:2B5AB48:67957744'} 
 body={"message":"Not Found","documentation_url":"https://docs.github.com/rest","status":"404"} 
 </msg>
<arg>url= ${HOST}/${ENDPOINT_USER}/1111111458881</arg>
<arg>expected_status=404</arg>
<doc>Sends a GET request.</doc>
<status status="PASS" start="2025-01-25T20:44:04.558104" elapsed="0.411754"/>
</kw>
<status status="PASS" start="2025-01-25T20:44:04.557735" elapsed="0.412457"/>
</kw>
<status status="PASS" start="2025-01-25T20:44:04.556731" elapsed="0.414900"/>
</test>
<status status="PASS" start="2025-01-25T20:44:03.314269" elapsed="1.660508"/>
</suite>
<status status="PASS" start="2025-01-25T20:44:03.311498" elapsed="1.667193"/>
</suite>
<status status="PASS" start="2025-01-25T20:44:03.289059" elapsed="1.692413"/>
</suite>
<statistics>
<total>
<stat pass="3" fail="0" skip="0">All Tests</stat>
</total>
<tag>
</tag>
<suite>
<stat name="API GITHUB" id="s1" pass="3" fail="0" skip="0">API GITHUB</stat>
<stat name="Suites" id="s1-s1" pass="3" fail="0" skip="0">API GITHUB.Suites</stat>
<stat name="Usuario" id="s1-s1-s1" pass="3" fail="0" skip="0">API GITHUB.Suites.Usuario</stat>
</suite>
</statistics>
<errors>
<msg time="2025-01-25T20:44:03.263014" level="WARN">Error in file 'C:\Users\sousa\OneDrive\Área de Trabalho\workspace\API_GITHUB\suites\usuario.robot' on line 17: The '[Return]' setting is deprecated. Use the 'RETURN' statement instead.</msg>
</errors>
</robot>
